Process ID: 18261

sfs_init()
Have to reformat
Retrieved value 2
Wrote Head Block at: 2
    conn:
    proto_major = 7
    proto_minor = 22
    async_read = 1
    max_write = 131072
    max_readahead = 131072
    capable = 00000ffb
    want = 00000010
    context:
    fuse = 007cd4b0
    uid = 0
    gid = 0
    pid = 0
    private_data = 007cd010
    logfile = 007cd030
    diskfile = /.freespace/bty10/testfsfile
    umask = 00000
Done initing

sfs_getattr(path="/.Trash", statbuf=0x3e44ac40)
Failed traversing
Stat result: -2

sfs_getattr(path="/.Trash-84827", statbuf=0x3e44ac40)
Failed traversing
Stat result: -2

sfs_getattr(path="/", statbuf=0x3dc49c10)
Stat result: 0

sfs_opendir(path="/", fi=0x3e44ac30)
sfs_readdir

sfs_getattr(path="/test.txt", statbuf=0x3e44ac40)
Failed traversing
Stat result: -2

sfs_create(path="/test.txt", mode=0100600, fi=0x3dc49cf0)
Failed traversing

sfs_getattr(path="/test.txt", statbuf=0x3dc49c00)
Stat result: 0

sfs_release(path="/test.txt", fi=0x3dc49cf0)

sfs_getattr(path="/", statbuf=0x3e44ac10)
Stat result: 0

sfs_opendir(path="/", fi=0x3dc49c30)
sfs_readdir

sfs_getattr(path="/test.txt", statbuf=0x3dc49c40)
Stat result: 0

sfs_getattr(path="/test.txt", statbuf=0x3dc49c40)
Stat result: 0

sfs_open(path"/test.txt", fi=0x3e44acf0)

sfs_write(path="/test.txt", buf=0x3f039060, size=137, offset=0, fi=0x3dc49d70)
new block id is 4512

sfs_release(path="/test.txt", fi=0x3e44acf0)
